16:45:37.423 [TestNG-tests-1] INFO  testCases.TC001_AccountRegistrationTest - **** Starting TC001_AccountRegistrationTest ***
17:18:51.630 [main] DEBUG org.testng.TestNG - suiteXmlPath: "C:\Java selenium\Projects\OPENCART123\CrossBrowserTesting.xml"
17:18:51.915 [main] INFO  org.testng.internal.Utils - [TestNG] Running:
  C:\Java selenium\Projects\OPENCART123\CrossBrowserTesting.xml

17:18:54.952 [TestNG-tests-2] INFO  testCases.TC001_AccountRegistrationTest - **** Starting TC001_AccountRegistrationTest ***
17:18:55.310 [TestNG-tests-2] INFO  testCases.TC001_AccountRegistrationTest - Clicked on My Account
17:18:55.393 [TestNG-tests-2] INFO  testCases.TC001_AccountRegistrationTest - Entering random last name, email
17:18:55.635 [TestNG-tests-2] INFO  testCases.TC001_AccountRegistrationTest - Entering Random password
17:18:56.465 [TestNG-tests-2] INFO  testCases.TC001_AccountRegistrationTest - Test case finished
17:19:57.738 [main] DEBUG org.testng.TestNG - suiteXmlPath: "C:\Java selenium\Projects\OPENCART123\CrossBrowserTesting.xml"
17:19:58.016 [main] INFO  org.testng.internal.Utils - [TestNG] Running:
  C:\Java selenium\Projects\OPENCART123\CrossBrowserTesting.xml

17:20:02.546 [TestNG-tests-2] INFO  testCases.TC001_AccountRegistrationTest - **** Starting TC001_AccountRegistrationTest ***
17:20:05.747 [TestNG-tests-1] INFO  testCases.TC001_AccountRegistrationTest - **** Starting TC001_AccountRegistrationTest ***
17:21:33.733 [main] DEBUG org.testng.TestNG - suiteXmlPath: "C:\Java selenium\Projects\OPENCART123\CrossBrowserTesting.xml"
17:21:34.012 [main] INFO  org.testng.internal.Utils - [TestNG] Running:
  C:\Java selenium\Projects\OPENCART123\CrossBrowserTesting.xml

17:21:37.064 [TestNG-tests-2] INFO  testCases.TC001_AccountRegistrationTest - **** Starting TC001_AccountRegistrationTest ***
17:21:37.892 [TestNG-tests-2] INFO  testCases.TC001_AccountRegistrationTest - Clicked on My Account
17:21:40.551 [TestNG-tests-1] INFO  testCases.TC001_AccountRegistrationTest - **** Starting TC001_AccountRegistrationTest ***
17:22:29.720 [main] DEBUG org.testng.TestNG - suiteXmlPath: "C:\Java selenium\Projects\OPENCART123\CrossBrowserTesting.xml"
17:22:29.988 [main] INFO  org.testng.internal.Utils - [TestNG] Running:
  C:\Java selenium\Projects\OPENCART123\CrossBrowserTesting.xml

17:22:33.295 [TestNG-tests-2] INFO  testCases.TC001_AccountRegistrationTest - **** Starting TC001_AccountRegistrationTest ***
17:22:33.718 [TestNG-tests-2] INFO  testCases.TC001_AccountRegistrationTest - Clicked on My Account
17:22:33.825 [TestNG-tests-2] INFO  testCases.TC001_AccountRegistrationTest - Entering random last name, email
17:22:34.224 [TestNG-tests-2] INFO  testCases.TC001_AccountRegistrationTest - Entering Random password
17:22:35.296 [TestNG-tests-2] INFO  testCases.TC001_AccountRegistrationTest - Test case finished
17:23:03.249 [main] DEBUG org.testng.TestNG - suiteXmlPath: "C:\Java selenium\Projects\OPENCART123\CrossBrowserTesting.xml"
17:23:03.520 [main] INFO  org.testng.internal.Utils - [TestNG] Running:
  C:\Java selenium\Projects\OPENCART123\CrossBrowserTesting.xml

17:23:08.537 [TestNG-tests-2] INFO  testCases.TC001_AccountRegistrationTest - **** Starting TC001_AccountRegistrationTest ***
17:23:08.713 [TestNG-tests-1] INFO  testCases.TC001_AccountRegistrationTest - **** Starting TC001_AccountRegistrationTest ***
17:25:27.719 [main] DEBUG org.testng.TestNG - suiteXmlPath: "C:\Java selenium\Projects\OPENCART123\CrossBrowserTesting.xml"
17:25:27.979 [main] INFO  org.testng.internal.Utils - [TestNG] Running:
  C:\Java selenium\Projects\OPENCART123\CrossBrowserTesting.xml

17:25:31.549 [TestNG-tests-2] INFO  testCases.TC001_AccountRegistrationTest - **** Starting TC001_AccountRegistrationTest ***
17:25:33.421 [TestNG-tests-1] INFO  testCases.TC001_AccountRegistrationTest - **** Starting TC001_AccountRegistrationTest ***
17:26:05.978 [main] DEBUG org.testng.TestNG - suiteXmlPath: "C:\Java selenium\Projects\OPENCART123\CrossBrowserTesting.xml"
17:26:06.247 [main] INFO  org.testng.internal.Utils - [TestNG] Running:
  C:\Java selenium\Projects\OPENCART123\CrossBrowserTesting.xml

17:27:09.824 [main] DEBUG org.testng.TestNG - suiteXmlPath: "C:\Java selenium\Projects\OPENCART123\CrossBrowserTesting.xml"
17:27:10.081 [main] INFO  org.testng.internal.Utils - [TestNG] Running:
  C:\Java selenium\Projects\OPENCART123\CrossBrowserTesting.xml

17:27:17.361 [TestNG-tests-1] INFO  testCases.TC001_AccountRegistrationTest - **** Starting TC001_AccountRegistrationTest ***
17:27:18.952 [TestNG-tests-1] INFO  testCases.TC001_AccountRegistrationTest - Clicked on My Account
17:27:19.062 [TestNG-tests-1] INFO  testCases.TC001_AccountRegistrationTest - Entering random last name, email
17:27:19.399 [TestNG-tests-1] INFO  testCases.TC001_AccountRegistrationTest - Entering Random password
17:27:22.014 [TestNG-tests-1] INFO  testCases.TC001_AccountRegistrationTest - Test case finished
17:28:20.030 [main] DEBUG org.testng.TestNG - suiteXmlPath: "C:\Java selenium\Projects\OPENCART123\CrossBrowserTesting.xml"
